<?xml version="1.0" encoding="UTF-8"?>
<!-- Generated by org.testng.reporters.JUnitReportReporter -->
<testsuite hostname="DESKTOP-K4AE2LF" failures="0" tests="1" name="api.PostRequestPrep" time="1.842" errors="0" timestamp="24 Jan 2021 15:05:01 GMT" skipped="0">
  <testcase classname="api.PostRequestPrep" name="prepRequest" time="1.842"/>
</testsuite> <!-- api.PostRequestPrep -->
